SF:lib/models/article.dart
DA:14,1
DA:31,2
DA:32,1
DA:33,4
DA:34,4
DA:35,4
DA:36,3
DA:38,3
DA:39,4
DA:40,4
DA:41,4
DA:44,2
DA:45,2
DA:46,2
DA:47,2
DA:48,2
DA:49,2
DA:50,2
DA:52,2
DA:53,2
DA:54,2
DA:55,2
DA:56,2
DA:57,2
DA:58,2
LF:25
LH:25
end_of_record
SF:lib/models/custom_query.dart
DA:8,2
DA:10,1
DA:11,2
DA:21,2
DA:22,1
LF:5
LH:5
end_of_record
SF:lib/models/date.dart
DA:8,5
DA:10,1
DA:11,4
DA:12,3
DA:14,1
DA:15,1
DA:16,1
DA:17,1
DA:18,3
DA:23,1
DA:24,1
DA:25,1
DA:26,3
LF:13
LH:13
end_of_record
SF:lib/models/dish.dart
DA:13,2
DA:26,5
DA:27,3
DA:28,12
DA:29,3
DA:30,8
DA:31,10
DA:32,8
DA:33,3
DA:35,11
DA:38,6
DA:39,6
DA:40,6
DA:41,6
DA:42,6
DA:44,2
DA:45,6
DA:46,2
DA:47,4
DA:48,2
LF:20
LH:20
end_of_record
SF:lib/models/event.dart
DA:19,1
DA:44,2
DA:45,1
DA:46,1
DA:47,3
DA:48,4
DA:49,3
DA:51,4
DA:52,4
DA:53,3
DA:55,3
DA:56,2
DA:58,3
DA:59,2
DA:61,4
DA:62,4
DA:63,4
DA:64,4
DA:65,3
DA:67,3
DA:68,2
DA:70,4
DA:73,2
DA:74,2
DA:75,2
DA:76,2
DA:77,2
DA:78,2
DA:79,2
DA:80,2
DA:81,2
DA:82,2
DA:84,2
DA:85,2
DA:86,2
DA:87,2
DA:88,2
DA:89,2
DA:90,2
DA:91,2
DA:92,2
DA:93,2
DA:94,1
DA:95,1
DA:102,2
LF:45
LH:45
end_of_record
SF:lib/models/form_field_content.dart
DA:4,1
DA:6,1
DA:7,1
DA:8,2
DA:16,2
DA:18,1
DA:19,1
DA:20,2
DA:31,1
DA:35,1
DA:37,1
DA:38,1
DA:39,8
LF:13
LH:13
end_of_record
SF:lib/models/grade.dart
DA:11,1
DA:29,2
DA:30,1
DA:31,4
DA:32,3
DA:33,1
DA:35,4
DA:36,1
DA:37,3
DA:38,4
DA:39,4
DA:40,4
DA:43,2
DA:44,2
DA:45,2
DA:46,2
DA:47,2
DA:48,2
DA:49,2
DA:50,2
DA:52,2
DA:53,2
DA:54,2
DA:55,2
DA:56,2
DA:57,2
DA:58,2
DA:59,2
LF:28
LH:28
end_of_record
SF:lib/models/subject.dart
DA:10,1
DA:26,2
DA:27,1
DA:28,4
DA:29,4
DA:30,5
DA:31,1
DA:32,3
DA:33,4
DA:34,1
DA:35,2
DA:38,2
DA:39,2
DA:40,2
DA:41,2
DA:42,2
DA:43,2
DA:44,2
DA:46,2
DA:47,2
DA:48,2
DA:49,2
DA:50,2
DA:51,2
DA:52,2
LF:25
LH:25
end_of_record
SF:lib/models/university.dart
DA:17,1
DA:39,2
DA:40,1
DA:41,4
DA:42,4
DA:43,4
DA:44,4
DA:45,1
DA:46,3
DA:47,4
DA:48,4
DA:49,4
DA:50,4
DA:51,1
DA:52,3
DA:53,3
DA:57,2
DA:58,2
DA:59,2
DA:60,2
DA:61,2
DA:62,2
DA:63,2
DA:64,2
DA:65,2
DA:66,2
DA:68,2
DA:69,2
DA:70,2
DA:71,2
DA:72,2
DA:73,2
DA:74,2
DA:75,2
DA:76,2
DA:77,2
LF:36
LH:36
end_of_record
SF:lib/models/usermodel.dart
DA:14,1
DA:38,2
DA:39,1
DA:40,4
DA:41,4
DA:42,4
DA:43,4
DA:44,1
DA:45,3
DA:46,1
DA:47,3
DA:48,3
DA:49,1
DA:51,3
DA:52,1
DA:54,3
DA:55,1
DA:56,2
DA:59,2
DA:60,2
DA:61,2
DA:62,2
DA:63,2
DA:64,2
DA:65,2
DA:66,2
DA:67,2
DA:68,2
DA:69,2
DA:71,2
DA:72,2
DA:73,2
DA:74,2
DA:75,2
DA:76,2
DA:77,2
DA:78,2
DA:79,2
DA:80,2
DA:81,2
LF:40
LH:40
end_of_record
SF:lib/services/auth.dart
DA:12,1
DA:14,1
DA:15,2
DA:18,1
DA:19,2
DA:22,1
DA:23,2
DA:24,2
DA:25,2
DA:26,2
DA:31,0
DA:32,0
DA:34,0
DA:36,0
DA:40,1
DA:45,3
DA:47,2
DA:50,3
DA:54,2
DA:58,0
DA:64,0
DA:65,0
DA:67,0
DA:68,0
DA:70,0
DA:71,0
DA:73,0
DA:75,0
DA:76,0
DA:78,0
DA:81,0
DA:85,0
DA:89,0
DA:94,0
DA:95,0
DA:96,0
DA:97,0
DA:98,0
DA:100,0
DA:101,0
DA:102,0
DA:107,0
DA:111,0
DA:115,0
DA:117,0
DA:119,0
DA:123,0
DA:124,0
DA:125,0
DA:128,0
DA:132,0
DA:135,0
DA:137,0
DA:138,0
DA:142,0
DA:144,0
LF:56
LH:15
end_of_record
SF:lib/services/collection.dart
DA:15,1
DA:21,0
DA:22,3
DA:23,3
DA:24,2
DA:25,3
DA:28,1
DA:29,2
DA:30,1
DA:31,5
DA:34,1
DA:35,5
DA:38,1
DA:39,1
DA:43,2
DA:45,2
DA:46,2
DA:47,2
DA:49,1
DA:50,2
DA:51,2
DA:52,2
DA:53,2
DA:54,2
DA:55,2
DA:57,4
DA:58,3
DA:59,4
DA:62,2
DA:63,1
DA:64,1
DA:67,1
DA:68,3
DA:69,3
DA:71,5
DA:73,0
DA:75,1
DA:78,1
DA:79,7
DA:81,5
DA:83,0
DA:85,1
LF:42
LH:39
end_of_record
SF:lib/services/document.dart
DA:11,1
DA:12,0
DA:13,3
DA:16,1
DA:17,4
DA:19,5
DA:21,3
DA:26,1
DA:27,4
DA:29,5
DA:31,3
DA:36,1
DA:37,4
DA:42,1
DA:43,1
DA:44,3
DA:45,1
LF:17
LH:16
end_of_record
SF:lib/services/firebase_errors.dart
DA:1,3
LF:1
LH:1
end_of_record
SF:lib/services/globals.dart
DA:7,0
DA:9,6
DA:10,4
DA:11,0
DA:12,0
DA:13,0
DA:14,0
DA:15,0
DA:16,0
DA:19,0
DA:22,0
LF:11
LH:2
end_of_record
SF:lib/services/http_service.dart
DA:6,0
DA:7,0
DA:8,0
DA:9,0
DA:10,0
LF:5
LH:0
end_of_record
SF:lib/services/samples.dart
DA:4,3
DA:5,2
DA:6,0
DA:7,0
DA:8,0
DA:9,0
DA:10,0
DA:11,0
LF:8
LH:2
end_of_record
SF:lib/services/user_data.dart
DA:11,1
DA:12,0
DA:14,0
DA:15,0
DA:16,0
DA:18,0
DA:19,0
DA:21,0
DA:25,0
DA:26,0
DA:27,0
DA:28,0
DA:29,0
LF:13
LH:1
end_of_record
