SF:lib/models/article.dart
DA:14,1
DA:31,2
DA:32,2
DA:33,4
DA:34,4
DA:35,4
DA:36,3
DA:38,3
DA:39,4
DA:40,4
DA:41,4
DA:44,2
DA:45,2
DA:46,2
DA:47,2
DA:48,2
DA:49,2
DA:50,2
DA:52,2
DA:53,2
DA:54,2
DA:55,2
DA:56,2
DA:57,2
DA:58,2
LF:25
LH:25
end_of_record
SF:lib/models/custom_query.dart
DA:8,1
DA:10,1
DA:11,1
DA:21,1
DA:22,1
LF:5
LH:5
end_of_record
SF:lib/models/date.dart
DA:8,4
DA:10,1
DA:11,4
DA:12,3
DA:14,1
DA:15,1
DA:16,1
DA:17,1
DA:18,3
DA:23,1
DA:24,1
DA:25,1
DA:26,3
LF:13
LH:13
end_of_record
SF:lib/models/dish.dart
DA:13,1
DA:26,2
DA:27,2
DA:28,4
DA:29,1
DA:30,4
DA:31,4
DA:32,4
DA:33,3
DA:35,4
DA:38,2
DA:39,2
DA:40,2
DA:41,2
DA:42,2
DA:44,2
DA:45,2
DA:46,2
DA:47,2
DA:48,2
LF:20
LH:20
end_of_record
SF:lib/models/event.dart
DA:19,1
DA:44,2
DA:45,2
DA:46,1
DA:47,3
DA:48,4
DA:49,3
DA:51,4
DA:52,4
DA:53,3
DA:55,3
DA:56,2
DA:58,3
DA:59,2
DA:61,4
DA:62,4
DA:63,4
DA:64,4
DA:65,3
DA:67,3
DA:68,2
DA:70,4
DA:73,2
DA:74,2
DA:75,2
DA:76,2
DA:77,2
DA:78,2
DA:79,2
DA:80,2
DA:81,2
DA:82,2
DA:84,2
DA:85,2
DA:86,2
DA:87,2
DA:88,2
DA:89,2
DA:90,2
DA:91,2
DA:92,2
DA:93,2
DA:94,1
DA:95,1
DA:102,2
LF:45
LH:45
end_of_record
SF:lib/models/form_field_content.dart
DA:4,1
DA:6,1
DA:7,1
DA:8,2
DA:16,2
DA:18,1
DA:19,1
DA:20,2
DA:31,1
DA:35,1
DA:37,1
DA:38,1
DA:39,8
LF:13
LH:13
end_of_record
SF:lib/models/grade.dart
DA:11,1
DA:29,2
DA:30,2
DA:31,4
DA:32,3
DA:33,1
DA:35,4
DA:36,1
DA:37,3
DA:38,4
DA:39,4
DA:40,4
DA:43,2
DA:44,2
DA:45,2
DA:46,2
DA:47,2
DA:48,2
DA:49,2
DA:50,2
DA:52,2
DA:53,2
DA:54,2
DA:55,2
DA:56,2
DA:57,2
DA:58,2
DA:59,2
LF:28
LH:28
end_of_record
SF:lib/models/subject.dart
DA:10,0
DA:11,0
DA:12,0
DA:13,0
DA:14,0
DA:15,0
DA:16,0
DA:17,0
DA:19,0
DA:20,0
DA:22,0
DA:23,0
DA:24,0
LF:13
LH:0
end_of_record
SF:lib/models/university.dart
DA:14,0
DA:27,0
DA:28,0
DA:29,0
DA:30,0
DA:31,0
DA:32,0
DA:33,0
DA:34,0
DA:35,0
DA:37,0
DA:38,0
DA:39,0
DA:40,0
DA:41,0
DA:42,0
DA:43,0
DA:44,0
DA:45,0
DA:46,0
DA:47,0
LF:21
LH:0
end_of_record
SF:lib/models/usermodel.dart
DA:14,0
DA:27,0
DA:28,0
DA:29,0
DA:30,0
DA:32,0
DA:33,0
DA:34,0
DA:35,0
DA:36,0
DA:37,0
DA:38,0
DA:40,0
DA:41,0
DA:43,0
DA:44,0
DA:45,0
DA:46,0
DA:47,0
DA:48,0
DA:49,0
DA:50,0
DA:51,0
DA:52,0
LF:24
LH:0
end_of_record
